<?xml version="1.0" encoding="utf-8"?><testsuites name="pytest tests"><testsuite name="pytest" errors="0" failures="0" skipped="0" tests="4" time="0.869" timestamp="2026-03-22T17:53:15.355588+01:00" hostname="Amits-Laptop.local"><testcase classname="tests.test_main.TestGetColorEndpoint" name="test_get_color_returns_json" time="0.012" /><testcase classname="tests.test_main.TestGetColorEndpoint" name="test_get_color_returns_200" time="0.013" /><testcase classname="tests.test_main.TestGetColorEndpoint" name="test_get_color_response_structure" time="0.011" /><testcase classname="tests.test_main.TestGetColorEndpoint" name="test_get_color_value" time="0.019" /></testsuite></testsuites>